===== BACKUP STARTED at Fri Nov  7 14:18:39 UTC 2025 =====
[INFO] Backup created at: /data/backups/test_src_backup_2025-11-07_14-18-39.tar.gz
===== BACKUP FINISHED at Fri Nov  7 14:18:39 UTC 2025 =====
===== BACKUP STARTED at Fri Nov  7 16:58:36 UTC 2025 =====
[INFO] Backup created at: /data/backups/test_src_backup_2025-11-07_16-58-36.tar.gz
===== BACKUP FINISHED at Fri Nov  7 16:58:36 UTC 2025 =====
===== BACKUP STARTED at Fri Nov  7 17:33:00 UTC 2025 =====
[INFO] Backup created at: /data/backups/test_src_backup_2025-11-07_17-33-00.tar.gz
===== BACKUP FINISHED at Fri Nov  7 17:33:00 UTC 2025 =====
===== BACKUP STARTED at Sat Nov  8 10:23:25 UTC 2025 =====
[INFO] Backup created at: /data/backups/test_src_backup_2025-11-08_10-23-25.tar.gz
===== BACKUP FINISHED at Sat Nov  8 10:23:25 UTC 2025 =====
===== BACKUP STARTED at Sat Nov  8 10:42:27 UTC 2025 =====
[INFO] Backup created at: /data/backups/test_src_backup_2025-11-08_10-42-27.tar.gz
===== BACKUP FINISHED at Sat Nov  8 10:42:27 UTC 2025 =====
===== BACKUP STARTED at Sat Nov  8 10:45:21 UTC 2025 =====
[INFO] Backup created at: /data/backups/test_src_backup_2025-11-08_10-45-21.tar.gz
===== BACKUP FINISHED at Sat Nov  8 10:45:21 UTC 2025 =====
===== BACKUP STARTED at Sat Nov  8 11:08:51 UTC 2025 =====
[INFO] Backup created at: /data/backups/test_src_backup_2025-11-08_11-08-51.tar.gz
===== BACKUP FINISHED at Sat Nov  8 11:08:51 UTC 2025 =====
