===== UPDATE & CLEANUP STARTED at Fri Nov  7 17:06:53 UTC 2025 =====
[INFO] Checking for system updates...
[INFO] All packages are up to date.
[INFO] Cleaning temporary files...
[INFO] Temporary files cleaned successfully.
[INFO] Removing unused Docker images...
[INFO] No unused images found.
===== UPDATE & CLEANUP FINISHED at Fri Nov  7 17:06:59 UTC 2025 =====
===== UPDATE & CLEANUP STARTED at Fri Nov  7 17:33:08 UTC 2025 =====
[INFO] Checking for system updates...
[INFO] All packages are up to date.
[INFO] Cleaning temporary files...
[INFO] Temporary files cleaned successfully.
[INFO] Removing unused Docker images...
[INFO] No unused images found.
===== UPDATE & CLEANUP FINISHED at Fri Nov  7 17:33:14 UTC 2025 =====
===== UPDATE & CLEANUP STARTED at Sat Nov  8 10:44:08 UTC 2025 =====
[INFO] Checking for system updates...
[INFO] All packages are up to date.
[INFO] Cleaning temporary files...
[INFO] Temporary files cleaned successfully.
[INFO] Removing unused Docker images...
[INFO] No unused images found.
===== UPDATE & CLEANUP FINISHED at Sat Nov  8 10:44:14 UTC 2025 =====
===== UPDATE & CLEANUP STARTED at Sat Nov  8 11:10:21 UTC 2025 =====
[INFO] Checking for system updates...
[INFO] All packages are up to date.
[INFO] Cleaning temporary files...
[INFO] Temporary files cleaned successfully.
[INFO] Removing unused Docker images...
[INFO] No unused images found.
===== UPDATE & CLEANUP FINISHED at Sat Nov  8 11:10:27 UTC 2025 =====
